<?xml version="1.0" encoding="UTF-8"?>
<testng-results ignored="0" total="2" passed="2" failed="0" skipped="0">
  <reporter-output>
    <line>
      <![CDATA[Test case 2 running]]>
    </line>
    <line>
      <![CDATA[Test case 1 running]]>
    </line>
  </reporter-output>
  <suite started-at="2023-01-10T09:37:37 IST" name="Suite" finished-at="2023-01-10T09:37:37 IST" duration-ms="57">
    <groups>
    </groups>
    <test started-at="2023-01-10T09:37:37 IST" name="Test" finished-at="2023-01-10T09:37:37 IST" duration-ms="57">
      <class name="demo_jenkins.TestCase2">
        <test-method signature="TC2()[pri:0, instance:demo_jenkins.TestCase2@140c9f39]" started-at="2023-01-10T09:37:37 IST" name="TC2" finished-at="2023-01-10T09:37:37 IST" duration-ms="13" status="PASS">
          <reporter-output>
            <line>
              <![CDATA[Test case 2 running]]>
            </line>
          </reporter-output>
        </test-method> <!-- TC2 -->
      </class> <!-- demo_jenkins.TestCase2 -->
      <class name="demo_jenkins.TestCase1">
        <test-method signature="TC1()[pri:0, instance:demo_jenkins.TestCase1@4d910fd6]" started-at="2023-01-10T09:37:37 IST" name="TC1" finished-at="2023-01-10T09:37:37 IST" duration-ms="1" status="PASS">
          <reporter-output>
            <line>
              <![CDATA[Test case 1 running]]>
            </line>
          </reporter-output>
        </test-method> <!-- TC1 -->
      </class> <!-- demo_jenkins.TestCase1 -->
    </test> <!-- Test -->
  </suite> <!-- Suite -->
</testng-results>
